width (n)	depth (d)	size (s)	coupling (Cb)	mid.cut	min.cut KL	bipartite segments
4	6	6	6.0	4	4	({1, 3}, {0, 2})
5	10	10	10.0	6	6	({0, 2}, {1, 3, 4})
6	15	15	15.0	9	9	({3, 4, 5}, {0, 1, 2})
7	21	21	21.0	12	12	({0, 2, 5}, {1, 3, 4, 6})
8	28	28	28.0	16	16	({1, 3, 5, 7}, {0, 2, 4, 6})
9	36	36	36.0	20	20	({1, 2, 4, 5}, {0, 3, 6, 7, 8})
10	45	45	45.0	25	25	({1, 2, 4, 5, 7}, {0, 3, 6, 8, 9})
11	55	55	55.0	30	30	({0, 3, 5, 9, 10}, {1, 2, 4, 6, 7, 8})
12	66	66	66.0	36	36	({0, 1, 4, 7, 8, 11}, {2, 3, 5, 6, 9, 10})
13	78	78	78.0	42	42	({0, 2, 5, 7, 9, 10}, {1, 3, 4, 6, 8, 11, 12})
14	91	91	91.0	49	49	({0, 2, 4, 5, 9, 10, 13}, {1, 3, 6, 7, 8, 11, 12})
15	105	105	105.0	56	56	({0, 1, 8, 9, 10, 13, 14}, {2, 3, 4, 5, 6, 7, 11, 12})
16	120	120	120.0	64	64	({1, 2, 4, 6, 10, 11, 12, 15}, {0, 3, 5, 7, 8, 9, 13, 14})
17	136	136	136.0	72	72	({0, 1, 3, 4, 5, 8, 12, 13}, {2, 6, 7, 9, 10, 11, 14, 15, 16})
18	153	153	153.0	81	81	({0, 3, 6, 7, 8, 9, 10, 11, 17}, {1, 2, 4, 5, 12, 13, 14, 15, 16})
19	171	171	171.0	90	90	({0, 1, 3, 6, 11, 12, 14, 15, 17}, {2, 4, 5, 7, 8, 9, 10, 13, 16, 18})
20	190	190	190.0	100	100	({2, 3, 8, 9, 10, 11, 12, 13, 15, 16}, {0, 1, 4, 5, 6, 7, 14, 17, 18, 19})
21	210	210	210.0	110	110	({1, 5, 7, 9, 15, 16, 17, 18, 19, 20}, {0, 2, 3, 4, 6, 8, 10, 11, 12, 13, 14})
22	231	231	231.0	121	121	({2, 3, 6, 7, 8, 11, 13, 15, 16, 19, 21}, {0, 1, 4, 5, 9, 10, 12, 14, 17, 18, 20})
23	253	253	253.0	132	132	({1, 2, 5, 8, 11, 12, 13, 17, 18, 21, 22}, {0, 3, 4, 6, 7, 9, 10, 14, 15, 16, 19, 20})
24	276	276	276.0	144	144	({0, 1, 2, 3, 4, 6, 7, 8, 15, 17, 19, 20}, {5, 9, 10, 11, 12, 13, 14, 16, 18, 21, 22, 23})
25	300	300	300.0	156	156	({3, 4, 6, 7, 9, 10, 12, 13, 15, 18, 19, 20}, {0, 1, 2, 5, 8, 11, 14, 16, 17, 21, 22, 23, 24})
26	325	325	325.0	169	169	({0, 3, 4, 6, 7, 9, 11, 12, 17, 18, 22, 23, 24}, {1, 2, 5, 8, 10, 13, 14, 15, 16, 19, 20, 21, 25})
27	351	351	351.0	182	182	({0, 1, 3, 4, 5, 7, 12, 15, 16, 17, 18, 22, 26}, {2, 6, 8, 9, 10, 11, 13, 14, 19, 20, 21, 23, 24, 25})
28	378	378	378.0	196	196	({1, 5, 7, 8, 10, 11, 13, 14, 15, 17, 20, 21, 23, 27}, {0, 2, 3, 4, 6, 9, 12, 16, 18, 19, 22, 24, 25, 26})
29	406	406	406.0	210	210	({0, 3, 4, 5, 7, 8, 9, 12, 13, 14, 17, 19, 23, 26}, {1, 2, 6, 10, 11, 15, 16, 18, 20, 21, 22, 24, 25, 27, 28})
30	435	435	435.0	225	225	({0, 2, 3, 4, 5, 8, 9, 10, 12, 14, 15, 16, 20, 22, 24}, {1, 6, 7, 11, 13, 17, 18, 19, 21, 23, 25, 26, 27, 28, 29})
31	465	465	465.0	240	240	({1, 2, 4, 6, 7, 8, 11, 12, 13, 17, 18, 19, 22, 27, 29}, {0, 3, 5, 9, 10, 14, 15, 16, 20, 21, 23, 24, 25, 26, 28, 30})
32	496	496	496.0	256	256	({0, 2, 4, 7, 8, 10, 13, 14, 15, 16, 17, 21, 25, 26, 28, 29}, {1, 3, 5, 6, 9, 11, 12, 18, 19, 20, 22, 23, 24, 27, 30, 31})
33	528	528	528.0	272	272	({1, 3, 4, 7, 8, 10, 15, 16, 18, 19, 20, 23, 24, 26, 28, 30}, {32, 0, 2, 5, 6, 9, 11, 12, 13, 14, 17, 21, 22, 25, 27, 29, 31})
34	561	561	561.0	289	289	({0, 1, 5, 6, 11, 12, 13, 14, 18, 19, 20, 21, 22, 24, 28, 29, 31}, {32, 33, 2, 3, 4, 7, 8, 9, 10, 15, 16, 17, 23, 25, 26, 27, 30})
35	595	595	595.0	306	306	({0, 33, 32, 2, 4, 13, 16, 17, 19, 20, 22, 23, 24, 25, 27, 30, 31}, {1, 34, 3, 5, 6, 7, 8, 9, 10, 11, 12, 14, 15, 18, 21, 26, 28, 29})
36	630	630	630.0	324	324	({0, 33, 2, 3, 35, 34, 6, 7, 8, 4, 13, 14, 15, 16, 24, 26, 27, 28}, {32, 1, 5, 9, 10, 11, 12, 17, 18, 19, 20, 21, 22, 23, 25, 29, 30, 31})
37	666	666	666.0	342	342	({0, 33, 34, 5, 7, 9, 12, 13, 14, 16, 17, 22, 23, 24, 25, 26, 27, 28}, {1, 2, 3, 4, 6, 8, 10, 11, 15, 18, 19, 20, 21, 29, 30, 31, 32, 35, 36})
38	703	703	703.0	361	361	({4, 8, 10, 12, 14, 17, 19, 20, 21, 22, 23, 26, 27, 28, 29, 30, 32, 34, 36}, {0, 1, 2, 3, 5, 6, 7, 9, 11, 13, 15, 16, 18, 24, 25, 31, 33, 35, 37})
39	741	741	741.0	380	380	({2, 4, 5, 6, 7, 8, 9, 11, 15, 17, 18, 21, 24, 31, 32, 33, 34, 37, 38}, {0, 1, 3, 10, 12, 13, 14, 16, 19, 20, 22, 23, 25, 26, 27, 28, 29, 30, 35, 36})
40	780	780	780.0	400	400	({0, 6, 10, 12, 17, 19, 20, 22, 23, 24, 25, 29, 31, 32, 33, 34, 35, 36, 37, 38}, {1, 2, 3, 4, 5, 7, 8, 9, 11, 13, 14, 15, 16, 18, 21, 26, 27, 28, 30, 39})
41	820	820	820.0	420	420	({0, 3, 5, 7, 8, 10, 14, 15, 18, 19, 20, 25, 27, 28, 29, 32, 34, 36, 37, 40}, {1, 2, 4, 6, 9, 11, 12, 13, 16, 17, 21, 22, 23, 24, 26, 30, 31, 33, 35, 38, 39})
42	861	861	861.0	441	441	({2, 3, 4, 6, 8, 12, 14, 18, 20, 22, 23, 24, 25, 28, 30, 31, 32, 35, 36, 38, 40}, {0, 1, 5, 7, 9, 10, 11, 13, 15, 16, 17, 19, 21, 26, 27, 29, 33, 34, 37, 39, 41})
43	903	903	903.0	462	462	({1, 5, 9, 10, 13, 14, 16, 22, 23, 24, 25, 27, 28, 29, 30, 31, 36, 37, 38, 39, 42}, {0, 2, 3, 4, 6, 7, 8, 11, 12, 15, 17, 18, 19, 20, 21, 26, 32, 33, 34, 35, 40, 41})
44	946	946	946.0	484	484	({1, 3, 4, 5, 6, 7, 10, 12, 14, 15, 17, 20, 26, 28, 32, 33, 34, 35, 37, 38, 40, 42}, {0, 2, 8, 9, 11, 13, 16, 18, 19, 21, 22, 23, 24, 25, 27, 29, 30, 31, 36, 39, 41, 43})
45	990	990	990.0	506	506	({0, 4, 6, 11, 12, 14, 15, 16, 23, 24, 26, 27, 28, 29, 31, 32, 33, 37, 39, 40, 43, 44}, {1, 2, 3, 5, 7, 8, 9, 10, 13, 17, 18, 19, 20, 21, 22, 25, 30, 34, 35, 36, 38, 41, 42})
46	1035	1035	1035.0	529	529	({1, 2, 3, 8, 12, 15, 16, 17, 18, 20, 21, 25, 26, 27, 29, 31, 35, 36, 38, 39, 40, 42, 44}, {0, 4, 5, 6, 7, 9, 10, 11, 13, 14, 19, 22, 23, 24, 28, 30, 32, 33, 34, 37, 41, 43, 45})
47	1081	1081	1081.0	552	552	({0, 2, 3, 4, 5, 6, 7, 8, 9, 12, 13, 23, 24, 25, 27, 28, 30, 33, 36, 39, 42, 43, 46}, {1, 10, 11, 14, 15, 16, 17, 18, 19, 20, 21, 22, 26, 29, 31, 32, 34, 35, 37, 38, 40, 41, 44, 45})
48	1128	1128	1128.0	576	576	({1, 4, 7, 10, 12, 15, 16, 18, 19, 24, 25, 27, 28, 32, 33, 35, 37, 38, 39, 40, 42, 44, 45, 46}, {0, 2, 3, 5, 6, 8, 9, 11, 13, 14, 17, 20, 21, 22, 23, 26, 29, 30, 31, 34, 36, 41, 43, 47})
49	1176	1176	1176.0	600	600	({0, 3, 4, 6, 8, 11, 12, 13, 15, 16, 17, 19, 20, 23, 24, 25, 28, 29, 30, 31, 33, 40, 42, 44}, {1, 2, 5, 7, 9, 10, 14, 18, 21, 22, 26, 27, 32, 34, 35, 36, 37, 38, 39, 41, 43, 45, 46, 47, 48})
50	1225	1225	1225.0	625	625	({0, 8, 9, 11, 12, 16, 17, 19, 20, 22, 25, 26, 29, 30, 31, 33, 34, 37, 38, 41, 43, 44, 45, 47, 49}, {1, 2, 3, 4, 5, 6, 7, 10, 13, 14, 15, 18, 21, 23, 24, 27, 28, 32, 35, 36, 39, 40, 42, 46, 48})
51	1275	1275	1275.0	650	650	({0, 3, 5, 7, 11, 12, 13, 14, 16, 17, 18, 19, 21, 22, 27, 31, 36, 39, 42, 43, 44, 45, 47, 48, 50}, {1, 2, 4, 6, 8, 9, 10, 15, 20, 23, 24, 25, 26, 28, 29, 30, 32, 33, 34, 35, 37, 38, 40, 41, 46, 49})
52	1326	1326	1326.0	676	676	({1, 4, 5, 8, 9, 10, 13, 17, 19, 21, 22, 23, 26, 28, 32, 33, 36, 37, 38, 39, 43, 44, 46, 47, 49, 51}, {0, 2, 3, 6, 7, 11, 12, 14, 15, 16, 18, 20, 24, 25, 27, 29, 30, 31, 34, 35, 40, 41, 42, 45, 48, 50})
53	1378	1378	1378.0	702	702	({2, 4, 6, 7, 9, 10, 11, 12, 17, 19, 20, 28, 29, 34, 36, 38, 39, 40, 41, 42, 43, 44, 46, 48, 50, 51}, {0, 1, 3, 5, 8, 13, 14, 15, 16, 18, 21, 22, 23, 24, 25, 26, 27, 30, 31, 32, 33, 35, 37, 45, 47, 49, 52})
54	1431	1431	1431.0	729	729	({4, 5, 7, 9, 10, 12, 14, 15, 17, 20, 22, 23, 24, 25, 26, 30, 35, 36, 37, 39, 40, 41, 43, 44, 45, 49, 53}, {0, 1, 2, 3, 6, 8, 11, 13, 16, 18, 19, 21, 27, 28, 29, 31, 32, 33, 34, 38, 42, 46, 47, 48, 50, 51, 52})
55	1485	1485	1485.0	756	756	({1, 2, 3, 5, 7, 8, 10, 12, 15, 16, 21, 22, 23, 25, 28, 29, 31, 35, 36, 40, 41, 42, 43, 44, 46, 50, 53}, {0, 4, 6, 9, 11, 13, 14, 17, 18, 19, 20, 24, 26, 27, 30, 32, 33, 34, 37, 38, 39, 45, 47, 48, 49, 51, 52, 54})
56	1540	1540	1540.0	784	784	({0, 1, 7, 9, 10, 11, 12, 15, 22, 24, 26, 27, 28, 30, 32, 34, 35, 36, 37, 38, 39, 44, 45, 47, 48, 52, 54, 55}, {2, 3, 4, 5, 6, 8, 13, 14, 16, 17, 18, 19, 20, 21, 23, 25, 29, 31, 33, 40, 41, 42, 43, 46, 49, 50, 51, 53})
57	1596	1596	1596.0	812	812	({0, 1, 2, 3, 4, 5, 6, 8, 14, 15, 18, 20, 21, 26, 28, 29, 30, 32, 35, 36, 37, 40, 42, 43, 47, 49, 52, 56}, {7, 9, 10, 11, 12, 13, 16, 17, 19, 22, 23, 24, 25, 27, 31, 33, 34, 38, 39, 41, 44, 45, 46, 48, 50, 51, 53, 54, 55})
58	1653	1653	1653.0	841	841	({1, 2, 3, 4, 5, 8, 12, 14, 16, 18, 19, 20, 22, 23, 24, 27, 31, 32, 33, 34, 35, 36, 37, 39, 40, 41, 48, 49, 50}, {0, 6, 7, 9, 10, 11, 13, 15, 17, 21, 25, 26, 28, 29, 30, 38, 42, 43, 44, 45, 46, 47, 51, 52, 53, 54, 55, 56, 57})
59	1711	1711	1711.0	870	870	({0, 3, 4, 6, 7, 8, 11, 12, 17, 18, 20, 21, 22, 25, 27, 28, 29, 32, 35, 37, 38, 39, 43, 45, 50, 54, 56, 57, 58}, {1, 2, 5, 9, 10, 13, 14, 15, 16, 19, 23, 24, 26, 30, 31, 33, 34, 36, 40, 41, 42, 44, 46, 47, 48, 49, 51, 52, 53, 55})
60	1770	1770	1770.0	900	900	({3, 4, 5, 6, 7, 13, 16, 17, 19, 26, 27, 31, 33, 35, 36, 37, 39, 42, 43, 44, 45, 48, 49, 50, 53, 55, 56, 57, 58, 59}, {0, 1, 2, 8, 9, 10, 11, 12, 14, 15, 18, 20, 21, 22, 23, 24, 25, 28, 29, 30, 32, 34, 38, 40, 41, 46, 47, 51, 52, 54})
61	1830	1830	1830.0	930	930	({1, 4, 5, 7, 11, 13, 14, 18, 19, 21, 24, 25, 28, 29, 30, 31, 35, 36, 39, 40, 42, 43, 45, 46, 49, 50, 55, 56, 57, 58}, {0, 2, 3, 6, 8, 9, 10, 12, 15, 16, 17, 20, 22, 23, 26, 27, 32, 33, 34, 37, 38, 41, 44, 47, 48, 51, 52, 53, 54, 59, 60})
62	1891	1891	1891.0	961	961	({5, 6, 9, 13, 14, 15, 16, 18, 20, 21, 22, 25, 26, 27, 28, 32, 33, 34, 36, 37, 38, 39, 40, 41, 43, 44, 48, 49, 54, 56, 57}, {0, 1, 2, 3, 4, 7, 8, 10, 11, 12, 17, 19, 23, 24, 29, 30, 31, 35, 42, 45, 46, 47, 50, 51, 52, 53, 55, 58, 59, 60, 61})
63	1953	1953	1953.0	992	992	({1, 2, 4, 5, 8, 9, 10, 11, 15, 18, 19, 20, 23, 24, 25, 27, 29, 31, 34, 35, 36, 37, 41, 42, 46, 49, 51, 52, 55, 60, 62}, {0, 3, 6, 7, 12, 13, 14, 16, 17, 21, 22, 26, 28, 30, 32, 33, 38, 39, 40, 43, 44, 45, 47, 48, 50, 53, 54, 56, 57, 58, 59, 61})
64	2016	2016	2016.0	1024	1024	({0, 2, 3, 4, 6, 11, 16, 17, 18, 19, 20, 21, 22, 24, 29, 32, 33, 35, 36, 37, 39, 40, 41, 42, 43, 44, 45, 50, 53, 58, 59, 63}, {1, 5, 7, 8, 9, 10, 12, 13, 14, 15, 23, 25, 26, 27, 28, 30, 31, 34, 38, 46, 47, 48, 49, 51, 52, 54, 55, 56, 57, 60, 61, 62})
65	2080	2080	2080.0	1056	1056	({0, 1, 3, 4, 5, 7, 10, 22, 25, 26, 27, 28, 29, 32, 33, 34, 35, 36, 37, 43, 46, 47, 49, 50, 52, 54, 55, 58, 59, 61, 63, 64}, {2, 6, 8, 9, 11, 12, 13, 14, 15, 16, 17, 18, 19, 20, 21, 23, 24, 30, 31, 38, 39, 40, 41, 42, 44, 45, 48, 51, 53, 56, 57, 60, 62})
66	2145	2145	2145.0	1089	1089	({0, 2, 6, 8, 9, 11, 15, 16, 17, 21, 22, 25, 26, 28, 29, 32, 34, 38, 39, 40, 41, 45, 47, 48, 49, 50, 52, 53, 54, 55, 57, 58, 60}, {1, 3, 4, 5, 7, 10, 12, 13, 14, 18, 19, 20, 23, 24, 27, 30, 31, 33, 35, 36, 37, 42, 43, 44, 46, 51, 56, 59, 61, 62, 63, 64, 65})
67	2211	2211	2211.0	1122	1122	({3, 4, 5, 6, 7, 10, 13, 14, 16, 17, 18, 21, 22, 23, 25, 27, 29, 31, 34, 35, 37, 38, 43, 45, 52, 53, 54, 56, 57, 60, 61, 63, 66}, {0, 1, 2, 8, 9, 11, 12, 15, 19, 20, 24, 26, 28, 30, 32, 33, 36, 39, 40, 41, 42, 44, 46, 47, 48, 49, 50, 51, 55, 58, 59, 62, 64, 65})
68	2278	2278	2278.0	1156	1156	({1, 2, 5, 8, 9, 10, 11, 12, 13, 14, 17, 18, 19, 20, 21, 22, 23, 25, 26, 27, 31, 32, 34, 35, 43, 44, 47, 53, 54, 56, 58, 62, 65, 66}, {0, 3, 4, 6, 7, 15, 16, 24, 28, 29, 30, 33, 36, 37, 38, 39, 40, 41, 42, 45, 46, 48, 49, 50, 51, 52, 55, 57, 59, 60, 61, 63, 64, 67})
69	2346	2346	2346.0	1190	1190	({0, 1, 4, 7, 9, 12, 13, 14, 16, 17, 18, 21, 22, 23, 24, 29, 32, 33, 34, 35, 36, 37, 38, 42, 46, 47, 54, 57, 58, 61, 64, 66, 67, 68}, {2, 3, 5, 6, 8, 10, 11, 15, 19, 20, 25, 26, 27, 28, 30, 31, 39, 40, 41, 43, 44, 45, 48, 49, 50, 51, 52, 53, 55, 56, 59, 60, 62, 63, 65})
70	2415	2415	2415.0	1225	1225	({1, 2, 7, 8, 11, 12, 14, 15, 16, 18, 19, 21, 22, 23, 24, 25, 31, 33, 36, 39, 42, 45, 46, 47, 48, 50, 55, 58, 59, 61, 62, 63, 66, 67, 69}, {0, 3, 4, 5, 6, 9, 10, 13, 17, 20, 26, 27, 28, 29, 30, 32, 34, 35, 37, 38, 40, 41, 43, 44, 49, 51, 52, 53, 54, 56, 57, 60, 64, 65, 68})
71	2485	2485	2485.0	1260	1260	({4, 8, 9, 10, 14, 18, 21, 23, 24, 25, 26, 28, 31, 32, 34, 37, 39, 43, 48, 49, 51, 53, 54, 55, 57, 58, 60, 61, 62, 63, 65, 67, 68, 69, 70}, {0, 1, 2, 3, 5, 6, 7, 11, 12, 13, 15, 16, 17, 19, 20, 22, 27, 29, 30, 33, 35, 36, 38, 40, 41, 42, 44, 45, 46, 47, 50, 52, 56, 59, 64, 66})
72	2556	2556	2556.0	1296	1296	({0, 1, 2, 4, 5, 6, 7, 8, 10, 11, 15, 17, 20, 21, 23, 24, 25, 29, 33, 38, 39, 41, 42, 44, 46, 48, 51, 54, 55, 56, 57, 61, 64, 68, 69, 70}, {3, 9, 12, 13, 14, 16, 18, 19, 22, 26, 27, 28, 30, 31, 32, 34, 35, 36, 37, 40, 43, 45, 47, 49, 50, 52, 53, 58, 59, 60, 62, 63, 65, 66, 67, 71})
73	2628	2628	2628.0	1332	1332	({1, 4, 5, 9, 10, 12, 13, 14, 15, 17, 18, 19, 20, 21, 23, 24, 25, 26, 28, 30, 31, 37, 41, 42, 44, 46, 47, 48, 51, 57, 58, 60, 62, 64, 67, 71}, {0, 2, 3, 6, 7, 8, 11, 16, 22, 27, 29, 32, 33, 34, 35, 36, 38, 39, 40, 43, 45, 49, 50, 52, 53, 54, 55, 56, 59, 61, 63, 65, 66, 68, 69, 70, 72})
74	2701	2701	2701.0	1369	1369	({0, 2, 3, 4, 5, 6, 7, 8, 11, 20, 21, 22, 23, 25, 26, 34, 35, 36, 41, 44, 45, 46, 47, 49, 50, 51, 54, 57, 58, 61, 62, 63, 64, 65, 66, 67, 72}, {1, 9, 10, 12, 13, 14, 15, 16, 17, 18, 19, 24, 27, 28, 29, 30, 31, 32, 33, 37, 38, 39, 40, 42, 43, 48, 52, 53, 55, 56, 59, 60, 68, 69, 70, 71, 73})
75	2775	2775	2775.0	1406	1406	({0, 4, 5, 7, 8, 9, 12, 13, 17, 20, 21, 22, 27, 28, 29, 30, 34, 35, 39, 40, 41, 43, 44, 45, 50, 51, 52, 53, 55, 56, 60, 63, 64, 65, 67, 68, 72}, {1, 2, 3, 6, 10, 11, 14, 15, 16, 18, 19, 23, 24, 25, 26, 31, 32, 33, 36, 37, 38, 42, 46, 47, 48, 49, 54, 57, 58, 59, 61, 62, 66, 69, 70, 71, 73, 74})
76	2850	2850	2850.0	1444	1444	({3, 4, 10, 11, 12, 14, 16, 17, 19, 20, 23, 24, 25, 26, 28, 29, 30, 32, 34, 35, 37, 38, 40, 43, 44, 47, 53, 56, 57, 60, 62, 64, 67, 68, 71, 72, 73, 75}, {0, 1, 2, 5, 6, 7, 8, 9, 13, 15, 18, 21, 22, 27, 31, 33, 36, 39, 41, 42, 45, 46, 48, 49, 50, 51, 52, 54, 55, 58, 59, 61, 63, 65, 66, 69, 70, 74})
77	2926	2926	2926.0	1482	1482	({2, 3, 4, 5, 7, 13, 15, 19, 20, 22, 23, 25, 26, 27, 28, 32, 34, 35, 36, 38, 39, 40, 41, 47, 48, 50, 52, 58, 61, 62, 63, 64, 65, 69, 70, 73, 74, 76}, {0, 1, 6, 8, 9, 10, 11, 12, 14, 16, 17, 18, 21, 24, 29, 30, 31, 33, 37, 42, 43, 44, 45, 46, 49, 51, 53, 54, 55, 56, 57, 59, 60, 66, 67, 68, 71, 72, 75})
78	3003	3003	3003.0	1521	1521	({2, 6, 8, 9, 11, 12, 13, 15, 17, 18, 21, 23, 25, 27, 29, 30, 31, 35, 36, 40, 42, 47, 48, 49, 50, 52, 53, 54, 57, 58, 59, 62, 63, 65, 71, 73, 75, 76, 77}, {0, 1, 3, 4, 5, 7, 10, 14, 16, 19, 20, 22, 24, 26, 28, 32, 33, 34, 37, 38, 39, 41, 43, 44, 45, 46, 51, 55, 56, 60, 61, 64, 66, 67, 68, 69, 70, 72, 74})
79	3081	3081	3081.0	1560	1560	({0, 1, 2, 3, 7, 8, 9, 12, 14, 15, 17, 18, 19, 20, 21, 24, 27, 29, 30, 31, 37, 40, 42, 45, 46, 48, 50, 51, 52, 53, 60, 61, 66, 67, 68, 69, 72, 74, 77}, {4, 5, 6, 10, 11, 13, 16, 22, 23, 25, 26, 28, 32, 33, 34, 35, 36, 38, 39, 41, 43, 44, 47, 49, 54, 55, 56, 57, 58, 59, 62, 63, 64, 65, 70, 71, 73, 75, 76, 78})
80	3160	3160	3160.0	1600	1600	({2, 4, 5, 6, 11, 12, 14, 16, 19, 20, 22, 25, 29, 32, 34, 35, 36, 37, 38, 40, 43, 45, 47, 48, 49, 50, 51, 52, 54, 55, 59, 63, 64, 66, 69, 72, 76, 77, 78, 79}, {0, 1, 3, 7, 8, 9, 10, 13, 15, 17, 18, 21, 23, 24, 26, 27, 28, 30, 31, 33, 39, 41, 42, 44, 46, 53, 56, 57, 58, 60, 61, 62, 65, 67, 68, 70, 71, 73, 74, 75})
81	3240	3240	3240.0	1640	1640	({1, 2, 5, 10, 11, 19, 20, 25, 27, 30, 31, 32, 34, 36, 37, 38, 39, 42, 43, 46, 51, 52, 53, 54, 55, 56, 58, 61, 63, 64, 65, 66, 67, 68, 70, 71, 73, 75, 77, 78}, {0, 3, 4, 6, 7, 8, 9, 12, 13, 14, 15, 16, 17, 18, 21, 22, 23, 24, 26, 28, 29, 33, 35, 40, 41, 44, 45, 47, 48, 49, 50, 57, 59, 60, 62, 69, 72, 74, 76, 79, 80})
82	3321	3321	3321.0	1681	1681	({3, 6, 8, 10, 11, 14, 15, 16, 17, 19, 20, 21, 22, 24, 25, 26, 27, 31, 32, 33, 36, 38, 40, 42, 45, 47, 50, 53, 58, 59, 60, 64, 67, 68, 70, 71, 73, 74, 75, 76, 78}, {0, 1, 2, 4, 5, 7, 9, 12, 13, 18, 23, 28, 29, 30, 34, 35, 37, 39, 41, 43, 44, 46, 48, 49, 51, 52, 54, 55, 56, 57, 61, 62, 63, 65, 66, 69, 72, 77, 79, 80, 81})
83	3403	3403	3403.0	1722	1722	({2, 3, 5, 6, 8, 9, 10, 18, 19, 26, 27, 29, 33, 34, 35, 37, 38, 40, 41, 44, 45, 46, 49, 50, 51, 53, 54, 58, 59, 60, 61, 65, 66, 67, 70, 71, 73, 74, 75, 77, 81}, {0, 1, 4, 7, 11, 12, 13, 14, 15, 16, 17, 20, 21, 22, 23, 24, 25, 28, 30, 31, 32, 36, 39, 42, 43, 47, 48, 52, 55, 56, 57, 62, 63, 64, 68, 69, 72, 76, 78, 79, 80, 82})
84	3486	3486	3486.0	1764	1764	({0, 1, 2, 6, 7, 10, 12, 13, 15, 16, 19, 21, 22, 23, 24, 28, 32, 35, 36, 37, 38, 39, 42, 43, 44, 45, 46, 47, 48, 49, 52, 53, 56, 58, 62, 66, 67, 74, 76, 77, 79, 80}, {3, 4, 5, 8, 9, 11, 14, 17, 18, 20, 25, 26, 27, 29, 30, 31, 33, 34, 40, 41, 50, 51, 54, 55, 57, 59, 60, 61, 63, 64, 65, 68, 69, 70, 71, 72, 73, 75, 78, 81, 82, 83})
85	3570	3570	3570.0	1806	1806	({1, 2, 3, 4, 6, 7, 9, 14, 16, 17, 19, 22, 24, 25, 26, 27, 30, 35, 37, 38, 39, 40, 41, 42, 48, 49, 51, 52, 54, 55, 58, 63, 64, 65, 66, 70, 73, 74, 75, 80, 81, 83}, {0, 5, 8, 10, 11, 12, 13, 15, 18, 20, 21, 23, 28, 29, 31, 32, 33, 34, 36, 43, 44, 45, 46, 47, 50, 53, 56, 57, 59, 60, 61, 62, 67, 68, 69, 71, 72, 76, 77, 78, 79, 82, 84})
86	3655	3655	3655.0	1849	1849	({2, 3, 6, 7, 10, 11, 13, 14, 18, 19, 21, 22, 25, 28, 31, 32, 33, 34, 36, 38, 40, 43, 44, 47, 48, 49, 51, 53, 55, 56, 58, 60, 62, 66, 67, 68, 69, 70, 71, 73, 76, 77, 85}, {0, 1, 4, 5, 8, 9, 12, 15, 16, 17, 20, 23, 24, 26, 27, 29, 30, 35, 37, 39, 41, 42, 45, 46, 50, 52, 54, 57, 59, 61, 63, 64, 65, 72, 74, 75, 78, 79, 80, 81, 82, 83, 84})
87	3741	3741	3741.0	1892	1892	({3, 5, 7, 8, 9, 10, 13, 19, 21, 23, 24, 26, 27, 29, 31, 34, 35, 38, 39, 42, 43, 44, 48, 49, 51, 52, 54, 56, 59, 60, 62, 63, 65, 66, 67, 68, 69, 72, 74, 75, 76, 82, 83}, {0, 1, 2, 4, 6, 11, 12, 14, 15, 16, 17, 18, 20, 22, 25, 28, 30, 32, 33, 36, 37, 40, 41, 45, 46, 47, 50, 53, 55, 57, 58, 61, 64, 70, 71, 73, 77, 78, 79, 80, 81, 84, 85, 86})
88	3828	3828	3828.0	1936	1936	({0, 1, 3, 4, 5, 6, 7, 9, 12, 15, 17, 19, 20, 21, 23, 25, 26, 28, 30, 36, 37, 39, 41, 43, 50, 51, 52, 56, 59, 60, 61, 62, 64, 66, 71, 73, 74, 76, 78, 79, 84, 85, 86, 87}, {2, 8, 10, 11, 13, 14, 16, 18, 22, 24, 27, 29, 31, 32, 33, 34, 35, 38, 40, 42, 44, 45, 46, 47, 48, 49, 53, 54, 55, 57, 58, 63, 65, 67, 68, 69, 70, 72, 75, 77, 80, 81, 82, 83})
89	3916	3916	3916.0	1980	1980	({0, 3, 6, 7, 8, 10, 11, 12, 14, 15, 16, 19, 20, 21, 22, 23, 26, 29, 33, 35, 36, 37, 38, 40, 44, 46, 48, 55, 56, 57, 59, 62, 64, 65, 66, 68, 69, 71, 73, 75, 77, 80, 81, 84}, {1, 2, 4, 5, 9, 13, 17, 18, 24, 25, 27, 28, 30, 31, 32, 34, 39, 41, 42, 43, 45, 47, 49, 50, 51, 52, 53, 54, 58, 60, 61, 63, 67, 70, 72, 74, 76, 78, 79, 82, 83, 85, 86, 87, 88})
90	4005	4005	4005.0	2025	2025	({0, 1, 2, 3, 4, 6, 7, 8, 12, 13, 17, 19, 25, 26, 27, 30, 31, 36, 37, 40, 41, 43, 44, 45, 48, 51, 52, 54, 55, 56, 58, 60, 62, 63, 67, 69, 70, 74, 77, 78, 79, 82, 85, 86, 87}, {5, 9, 10, 11, 14, 15, 16, 18, 20, 21, 22, 23, 24, 28, 29, 32, 33, 34, 35, 38, 39, 42, 46, 47, 49, 50, 53, 57, 59, 61, 64, 65, 66, 68, 71, 72, 73, 75, 76, 80, 81, 83, 84, 88, 89})
91	4095	4095	4095.0	2070	2070	({2, 3, 5, 7, 11, 12, 13, 16, 17, 18, 24, 26, 28, 30, 35, 36, 37, 38, 41, 43, 44, 50, 51, 52, 55, 56, 57, 58, 59, 60, 62, 63, 64, 65, 67, 68, 69, 71, 74, 79, 80, 81, 84, 87, 90}, {0, 1, 4, 6, 8, 9, 10, 14, 15, 19, 20, 21, 22, 23, 25, 27, 29, 31, 32, 33, 34, 39, 40, 42, 45, 46, 47, 48, 49, 53, 54, 61, 66, 70, 72, 73, 75, 76, 77, 78, 82, 83, 85, 86, 88, 89})
92	4186	4186	4186.0	2116	2116	({0, 2, 3, 8, 9, 16, 17, 19, 20, 23, 26, 28, 29, 31, 34, 37, 38, 42, 48, 49, 50, 51, 52, 54, 55, 56, 57, 58, 59, 60, 66, 67, 71, 73, 75, 77, 78, 81, 82, 84, 85, 87, 88, 89, 90, 91}, {1, 4, 5, 6, 7, 10, 11, 12, 13, 14, 15, 18, 21, 22, 24, 25, 27, 30, 32, 33, 35, 36, 39, 40, 41, 43, 44, 45, 46, 47, 53, 61, 62, 63, 64, 65, 68, 69, 70, 72, 74, 76, 79, 80, 83, 86})
93	4278	4278	4278.0	2162	2162	({1, 12, 14, 19, 20, 24, 27, 28, 29, 30, 31, 33, 36, 38, 40, 41, 42, 45, 46, 51, 52, 53, 54, 55, 57, 61, 62, 63, 65, 66, 67, 70, 71, 72, 73, 74, 75, 76, 80, 82, 83, 85, 86, 90, 91, 92}, {0, 2, 3, 4, 5, 6, 7, 8, 9, 10, 11, 13, 15, 16, 17, 18, 21, 22, 23, 25, 26, 32, 34, 35, 37, 39, 43, 44, 47, 48, 49, 50, 56, 58, 59, 60, 64, 68, 69, 77, 78, 79, 81, 84, 87, 88, 89})
94	4371	4371	4371.0	2209	2209	({0, 3, 4, 5, 7, 14, 16, 17, 18, 19, 20, 24, 26, 27, 28, 29, 30, 31, 32, 33, 34, 37, 40, 42, 47, 48, 51, 52, 53, 55, 60, 61, 64, 65, 67, 72, 73, 74, 75, 76, 78, 80, 81, 82, 88, 90, 93}, {1, 2, 6, 8, 9, 10, 11, 12, 13, 15, 21, 22, 23, 25, 35, 36, 38, 39, 41, 43, 44, 45, 46, 49, 50, 54, 56, 57, 58, 59, 62, 63, 66, 68, 69, 70, 71, 77, 79, 83, 84, 85, 86, 87, 89, 91, 92})
95	4465	4465	4465.0	2256	2256	({0, 2, 4, 5, 7, 10, 12, 13, 15, 17, 20, 21, 22, 23, 24, 27, 28, 30, 31, 32, 34, 35, 36, 37, 38, 40, 49, 50, 51, 54, 55, 61, 62, 63, 64, 65, 67, 68, 69, 73, 77, 78, 83, 85, 87, 88, 94}, {1, 3, 6, 8, 9, 11, 14, 16, 18, 19, 25, 26, 29, 33, 39, 41, 42, 43, 44, 45, 46, 47, 48, 52, 53, 56, 57, 58, 59, 60, 66, 70, 71, 72, 74, 75, 76, 79, 80, 81, 82, 84, 86, 89, 90, 91, 92, 93})
96	4560	4560	4560.0	2304	2304	({2, 4, 7, 8, 11, 12, 13, 15, 16, 17, 19, 20, 22, 23, 24, 25, 28, 30, 31, 34, 37, 39, 41, 42, 44, 46, 51, 52, 55, 56, 57, 60, 62, 64, 65, 69, 70, 72, 75, 79, 82, 84, 87, 88, 89, 91, 94, 95}, {0, 1, 3, 5, 6, 9, 10, 14, 18, 21, 26, 27, 29, 32, 33, 35, 36, 38, 40, 43, 45, 47, 48, 49, 50, 53, 54, 58, 59, 61, 63, 66, 67, 68, 71, 73, 74, 76, 77, 78, 80, 81, 83, 85, 86, 90, 92, 93})
97	4656	4656	4656.0	2352	2352	({0, 1, 2, 3, 4, 6, 7, 8, 9, 11, 15, 17, 18, 20, 22, 26, 30, 31, 34, 36, 39, 40, 49, 50, 51, 54, 55, 57, 58, 59, 61, 62, 65, 67, 68, 73, 75, 77, 78, 79, 81, 82, 84, 86, 87, 93, 94, 96}, {5, 10, 12, 13, 14, 16, 19, 21, 23, 24, 25, 27, 28, 29, 32, 33, 35, 37, 38, 41, 42, 43, 44, 45, 46, 47, 48, 52, 53, 56, 60, 63, 64, 66, 69, 70, 71, 72, 74, 76, 80, 83, 85, 88, 89, 90, 91, 92, 95})
98	4753	4753	4753.0	2401	2401	({0, 1, 2, 5, 7, 10, 11, 13, 17, 18, 24, 26, 30, 31, 39, 40, 41, 42, 43, 45, 46, 47, 48, 49, 50, 51, 53, 55, 56, 58, 61, 62, 63, 65, 66, 70, 72, 73, 75, 76, 77, 80, 86, 88, 90, 92, 95, 96, 97}, {3, 4, 6, 8, 9, 12, 14, 15, 16, 19, 20, 21, 22, 23, 25, 27, 28, 29, 32, 33, 34, 35, 36, 37, 38, 44, 52, 54, 57, 59, 60, 64, 67, 68, 69, 71, 74, 78, 79, 81, 82, 83, 84, 85, 87, 89, 91, 93, 94})
99	4851	4851	4851.0	2450	2450	({0, 1, 6, 10, 11, 15, 17, 19, 21, 23, 24, 25, 30, 31, 32, 34, 35, 36, 37, 38, 39, 40, 42, 43, 44, 45, 50, 54, 55, 56, 57, 60, 64, 66, 71, 72, 80, 82, 83, 84, 87, 88, 90, 91, 92, 93, 94, 95, 96}, {2, 3, 4, 5, 7, 8, 9, 12, 13, 14, 16, 18, 20, 22, 26, 27, 28, 29, 33, 41, 46, 47, 48, 49, 51, 52, 53, 58, 59, 61, 62, 63, 65, 67, 68, 69, 70, 73, 74, 75, 76, 77, 78, 79, 81, 85, 86, 89, 97, 98})
100	4950	4950	4950.0	2500	2500	({1, 6, 9, 10, 11, 12, 17, 19, 21, 22, 23, 24, 27, 28, 29, 30, 33, 34, 35, 39, 41, 44, 49, 51, 53, 54, 55, 56, 57, 58, 59, 64, 65, 66, 67, 68, 72, 75, 81, 84, 86, 87, 89, 90, 91, 92, 95, 96, 97, 98}, {0, 2, 3, 4, 5, 7, 8, 13, 14, 15, 16, 18, 20, 25, 26, 31, 32, 36, 37, 38, 40, 42, 43, 45, 46, 47, 48, 50, 52, 60, 61, 62, 63, 69, 70, 71, 73, 74, 76, 77, 78, 79, 80, 82, 83, 85, 88, 93, 94, 99})
101	5050	5050	5050.0	2550	2550	({0, 2, 3, 8, 12, 13, 14, 18, 19, 21, 24, 25, 28, 30, 32, 34, 35, 38, 40, 42, 45, 46, 47, 51, 52, 54, 56, 59, 62, 63, 65, 67, 68, 69, 71, 73, 74, 75, 79, 80, 81, 84, 85, 86, 87, 89, 91, 92, 94, 98}, {1, 4, 5, 6, 7, 9, 10, 11, 15, 16, 17, 20, 22, 23, 26, 27, 29, 31, 33, 36, 37, 39, 41, 43, 44, 48, 49, 50, 53, 55, 57, 58, 60, 61, 64, 66, 70, 72, 76, 77, 78, 82, 83, 88, 90, 93, 95, 96, 97, 99, 100})
102	5151	5151	5151.0	2601	2601	({1, 2, 4, 5, 7, 9, 11, 14, 17, 19, 20, 23, 27, 29, 30, 33, 35, 36, 37, 38, 39, 40, 41, 43, 44, 48, 49, 52, 55, 57, 58, 60, 62, 64, 66, 69, 72, 75, 76, 78, 79, 81, 86, 87, 89, 92, 94, 96, 97, 99, 100}, {0, 3, 6, 8, 10, 12, 13, 15, 16, 18, 21, 22, 24, 25, 26, 28, 31, 32, 34, 42, 45, 46, 47, 50, 51, 53, 54, 56, 59, 61, 63, 65, 67, 68, 70, 71, 73, 74, 77, 80, 82, 83, 84, 85, 88, 90, 91, 93, 95, 98, 101})
103	5253	5253	5253.0	2652	2652	({1, 2, 3, 4, 6, 7, 8, 9, 11, 14, 16, 17, 20, 21, 22, 25, 29, 30, 31, 32, 33, 34, 38, 39, 40, 41, 42, 43, 49, 50, 60, 61, 62, 63, 66, 71, 74, 75, 80, 81, 82, 83, 85, 87, 88, 89, 91, 92, 93, 94, 100}, {0, 5, 10, 12, 13, 15, 18, 19, 23, 24, 26, 27, 28, 35, 36, 37, 44, 45, 46, 47, 48, 51, 52, 53, 54, 55, 56, 57, 58, 59, 64, 65, 67, 68, 69, 70, 72, 73, 76, 77, 78, 79, 84, 86, 90, 95, 96, 97, 98, 99, 101, 102})
104	5356	5356	5356.0	2704	2704	({1, 3, 4, 5, 7, 8, 12, 14, 15, 16, 18, 19, 20, 23, 26, 28, 29, 33, 34, 35, 36, 39, 40, 41, 42, 43, 46, 48, 57, 58, 59, 62, 63, 64, 67, 68, 69, 70, 78, 79, 80, 82, 83, 84, 85, 86, 87, 92, 94, 96, 97, 99}, {0, 2, 6, 9, 10, 11, 13, 17, 21, 22, 24, 25, 27, 30, 31, 32, 37, 38, 44, 45, 47, 49, 50, 51, 52, 53, 54, 55, 56, 60, 61, 65, 66, 71, 72, 73, 74, 75, 76, 77, 81, 88, 89, 90, 91, 93, 95, 98, 100, 101, 102, 103})
105	5460	5460	5460.0	2756	2756	({1, 4, 7, 8, 9, 10, 11, 14, 15, 19, 21, 22, 23, 25, 29, 31, 36, 38, 42, 43, 44, 46, 48, 52, 53, 54, 58, 61, 63, 66, 68, 70, 71, 75, 77, 78, 79, 80, 81, 82, 83, 84, 85, 88, 89, 90, 91, 94, 96, 100, 102, 104}, {0, 2, 3, 5, 6, 12, 13, 16, 17, 18, 20, 24, 26, 27, 28, 30, 32, 33, 34, 35, 37, 39, 40, 41, 45, 47, 49, 50, 51, 55, 56, 57, 59, 60, 62, 64, 65, 67, 69, 72, 73, 74, 76, 86, 87, 92, 93, 95, 97, 98, 99, 101, 103})
106	5565	5565	5565.0	2809	2809	({0, 1, 5, 6, 7, 9, 10, 18, 19, 22, 23, 24, 27, 28, 30, 31, 33, 34, 35, 37, 38, 42, 43, 48, 50, 51, 52, 53, 60, 61, 62, 63, 64, 70, 71, 74, 78, 80, 81, 82, 84, 87, 88, 89, 90, 94, 95, 97, 99, 100, 102, 103, 105}, {2, 3, 4, 8, 11, 12, 13, 14, 15, 16, 17, 20, 21, 25, 26, 29, 32, 36, 39, 40, 41, 44, 45, 46, 47, 49, 54, 55, 56, 57, 58, 59, 65, 66, 67, 68, 69, 72, 73, 75, 76, 77, 79, 83, 85, 86, 91, 92, 93, 96, 98, 101, 104})
107	5671	5671	5671.0	2862	2862	({0, 1, 2, 8, 10, 11, 12, 15, 16, 18, 19, 20, 21, 26, 27, 28, 29, 35, 36, 38, 39, 40, 41, 44, 45, 46, 47, 49, 50, 53, 54, 55, 57, 58, 60, 62, 65, 67, 70, 72, 76, 79, 80, 81, 82, 84, 85, 91, 93, 98, 101, 103, 105}, {3, 4, 5, 6, 7, 9, 13, 14, 17, 22, 23, 24, 25, 30, 31, 32, 33, 34, 37, 42, 43, 48, 51, 52, 56, 59, 61, 63, 64, 66, 68, 69, 71, 73, 74, 75, 77, 78, 83, 86, 87, 88, 89, 90, 92, 94, 95, 96, 97, 99, 100, 102, 104, 106})
108	5778	5778	5778.0	2916	2916	({0, 4, 6, 7, 9, 11, 12, 13, 14, 16, 17, 18, 19, 21, 22, 24, 26, 29, 30, 31, 33, 35, 37, 41, 45, 46, 48, 50, 51, 52, 54, 58, 59, 67, 68, 69, 71, 73, 77, 79, 80, 84, 85, 88, 91, 94, 95, 96, 97, 99, 104, 105, 106, 107}, {1, 2, 3, 5, 8, 10, 15, 20, 23, 25, 27, 28, 32, 34, 36, 38, 39, 40, 42, 43, 44, 47, 49, 53, 55, 56, 57, 60, 61, 62, 63, 64, 65, 66, 70, 72, 74, 75, 76, 78, 81, 82, 83, 86, 87, 89, 90, 92, 93, 98, 100, 101, 102, 103})
109	5886	5886	5886.0	2970	2970	({2, 4, 5, 6, 7, 8, 11, 12, 13, 17, 18, 19, 23, 24, 27, 29, 30, 32, 34, 37, 38, 41, 42, 43, 44, 45, 47, 48, 50, 51, 55, 57, 58, 59, 60, 62, 63, 64, 70, 74, 80, 82, 83, 84, 86, 89, 92, 95, 96, 101, 103, 105, 106, 107}, {0, 1, 3, 9, 10, 14, 15, 16, 20, 21, 22, 25, 26, 28, 31, 33, 35, 36, 39, 40, 46, 49, 52, 53, 54, 56, 61, 65, 66, 67, 68, 69, 71, 72, 73, 75, 76, 77, 78, 79, 81, 85, 87, 88, 90, 91, 93, 94, 97, 98, 99, 100, 102, 104, 108})
110	5995	5995	5995.0	3025	3025	({1, 3, 4, 5, 6, 8, 13, 16, 17, 19, 20, 21, 23, 24, 25, 26, 28, 29, 33, 35, 36, 39, 40, 43, 44, 46, 52, 59, 60, 61, 62, 64, 67, 69, 70, 72, 74, 76, 81, 83, 84, 87, 90, 91, 92, 93, 94, 98, 99, 101, 102, 103, 105, 107, 109}, {0, 2, 7, 9, 10, 11, 12, 14, 15, 18, 22, 27, 30, 31, 32, 34, 37, 38, 41, 42, 45, 47, 48, 49, 50, 51, 53, 54, 55, 56, 57, 58, 63, 65, 66, 68, 71, 73, 75, 77, 78, 79, 80, 82, 85, 86, 88, 89, 95, 96, 97, 100, 104, 106, 108})
111	6105	6105	6105.0	3080	3080	({0, 2, 3, 4, 5, 6, 9, 12, 16, 17, 20, 21, 22, 24, 25, 26, 27, 33, 35, 37, 38, 39, 41, 44, 46, 47, 48, 50, 54, 55, 57, 58, 61, 66, 71, 72, 74, 75, 76, 77, 78, 79, 81, 82, 84, 85, 89, 94, 95, 96, 98, 103, 105, 107, 109}, {1, 7, 8, 10, 11, 13, 14, 15, 18, 19, 23, 28, 29, 30, 31, 32, 34, 36, 40, 42, 43, 45, 49, 51, 52, 53, 56, 59, 60, 62, 63, 64, 65, 67, 68, 69, 70, 73, 80, 83, 86, 87, 88, 90, 91, 92, 93, 97, 99, 100, 101, 102, 104, 106, 108, 110})
112	6216	6216	6216.0	3136	3136	({1, 2, 3, 9, 10, 12, 13, 15, 16, 17, 19, 21, 22, 26, 28, 29, 32, 33, 35, 37, 41, 42, 46, 47, 48, 49, 50, 51, 52, 54, 56, 58, 61, 63, 66, 70, 72, 74, 76, 77, 78, 80, 83, 87, 89, 91, 93, 94, 96, 97, 100, 102, 104, 105, 107, 111}, {0, 4, 5, 6, 7, 8, 11, 14, 18, 20, 23, 24, 25, 27, 30, 31, 34, 36, 38, 39, 40, 43, 44, 45, 53, 55, 57, 59, 60, 62, 64, 65, 67, 68, 69, 71, 73, 75, 79, 81, 82, 84, 85, 86, 88, 90, 92, 95, 98, 99, 101, 103, 106, 108, 109, 110})
113	6328	6328	6328.0	3192	3192	({0, 3, 4, 10, 11, 12, 13, 14, 15, 17, 18, 20, 22, 24, 29, 31, 32, 34, 35, 36, 38, 40, 41, 42, 44, 45, 46, 48, 49, 54, 59, 62, 67, 71, 73, 76, 77, 78, 84, 85, 91, 92, 93, 95, 96, 97, 100, 101, 102, 103, 104, 105, 107, 108, 109, 112}, {1, 2, 5, 6, 7, 8, 9, 16, 19, 21, 23, 25, 26, 27, 28, 30, 33, 37, 39, 43, 47, 50, 51, 52, 53, 55, 56, 57, 58, 60, 61, 63, 64, 65, 66, 68, 69, 70, 72, 74, 75, 79, 80, 81, 82, 83, 86, 87, 88, 89, 90, 94, 98, 99, 106, 110, 111})
114	6441	6441	6441.0	3249	3249	({1, 2, 5, 6, 9, 10, 11, 12, 14, 15, 17, 19, 24, 25, 26, 27, 28, 29, 33, 37, 39, 41, 49, 50, 51, 52, 55, 56, 62, 64, 65, 69, 70, 73, 74, 77, 78, 79, 82, 84, 86, 87, 88, 89, 90, 95, 96, 97, 100, 103, 104, 105, 106, 107, 108, 112, 113}, {0, 3, 4, 7, 8, 13, 16, 18, 20, 21, 22, 23, 30, 31, 32, 34, 35, 36, 38, 40, 42, 43, 44, 45, 46, 47, 48, 53, 54, 57, 58, 59, 60, 61, 63, 66, 67, 68, 71, 72, 75, 76, 80, 81, 83, 85, 91, 92, 93, 94, 98, 99, 101, 102, 109, 110, 111})
115	6555	6555	6555.0	3306	3306	({1, 7, 8, 12, 13, 14, 17, 18, 19, 20, 21, 23, 27, 29, 30, 31, 34, 38, 40, 44, 45, 46, 47, 48, 49, 50, 51, 52, 53, 54, 55, 57, 61, 63, 66, 67, 69, 73, 75, 76, 77, 79, 80, 82, 83, 87, 88, 90, 94, 95, 97, 99, 100, 101, 103, 106, 113}, {0, 2, 3, 4, 5, 6, 9, 10, 11, 15, 16, 22, 24, 25, 26, 28, 32, 33, 35, 36, 37, 39, 41, 42, 43, 56, 58, 59, 60, 62, 64, 65, 68, 70, 71, 72, 74, 78, 81, 84, 85, 86, 89, 91, 92, 93, 96, 98, 102, 104, 105, 107, 108, 109, 110, 111, 112, 114})
116	6670	6670	6670.0	3364	3364	({0, 1, 6, 9, 10, 11, 15, 16, 19, 21, 23, 25, 26, 27, 28, 30, 31, 33, 35, 40, 42, 44, 45, 46, 47, 48, 50, 51, 54, 55, 56, 57, 61, 62, 63, 66, 67, 68, 69, 70, 73, 74, 75, 76, 79, 81, 83, 85, 91, 98, 99, 101, 102, 107, 108, 112, 113, 115}, {2, 3, 4, 5, 7, 8, 12, 13, 14, 17, 18, 20, 22, 24, 29, 32, 34, 36, 37, 38, 39, 41, 43, 49, 52, 53, 58, 59, 60, 64, 65, 71, 72, 77, 78, 80, 82, 84, 86, 87, 88, 89, 90, 92, 93, 94, 95, 96, 97, 100, 103, 104, 105, 106, 109, 110, 111, 114})
117	6786	6786	6786.0	3422	3422	({3, 7, 10, 13, 14, 15, 16, 17, 18, 19, 20, 22, 24, 25, 27, 30, 33, 34, 36, 41, 42, 45, 46, 47, 51, 54, 60, 61, 62, 63, 64, 67, 68, 70, 74, 78, 80, 82, 83, 84, 85, 87, 88, 90, 91, 92, 93, 96, 98, 99, 100, 105, 107, 108, 109, 113, 115, 116}, {0, 1, 2, 4, 5, 6, 8, 9, 11, 12, 21, 23, 26, 28, 29, 31, 32, 35, 37, 38, 39, 40, 43, 44, 48, 49, 50, 52, 53, 55, 56, 57, 58, 59, 65, 66, 69, 71, 72, 73, 75, 76, 77, 79, 81, 86, 89, 94, 95, 97, 101, 102, 103, 104, 106, 110, 111, 112, 114})
118	6903	6903	6903.0	3481	3481	({3, 4, 5, 7, 8, 9, 11, 17, 18, 20, 21, 24, 27, 28, 29, 33, 34, 35, 36, 38, 40, 41, 43, 44, 45, 46, 48, 49, 50, 51, 54, 57, 59, 60, 62, 63, 73, 75, 77, 83, 84, 85, 89, 91, 93, 97, 98, 99, 102, 103, 104, 108, 109, 110, 112, 113, 114, 116, 117}, {0, 1, 2, 6, 10, 12, 13, 14, 15, 16, 19, 22, 23, 25, 26, 30, 31, 32, 37, 39, 42, 47, 52, 53, 55, 56, 58, 61, 64, 65, 66, 67, 68, 69, 70, 71, 72, 74, 76, 78, 79, 80, 81, 82, 86, 87, 88, 90, 92, 94, 95, 96, 100, 101, 105, 106, 107, 111, 115})
119	7021	7021	7021.0	3540	3540	({0, 1, 5, 7, 8, 9, 12, 13, 15, 18, 19, 23, 24, 26, 28, 29, 30, 35, 36, 37, 38, 40, 41, 42, 43, 45, 46, 49, 52, 54, 55, 56, 59, 60, 61, 65, 66, 69, 71, 73, 75, 76, 78, 80, 82, 84, 87, 92, 95, 96, 97, 99, 100, 101, 102, 105, 110, 113, 115}, {2, 3, 4, 6, 10, 11, 14, 16, 17, 20, 21, 22, 25, 27, 31, 32, 33, 34, 39, 44, 47, 48, 50, 51, 53, 57, 58, 62, 63, 64, 67, 68, 70, 72, 74, 77, 79, 81, 83, 85, 86, 88, 89, 90, 91, 93, 94, 98, 103, 104, 106, 107, 108, 109, 111, 112, 114, 116, 117, 118})
120	7140	7140	7140.0	3600	3600	({0, 3, 6, 8, 9, 10, 12, 14, 18, 19, 24, 26, 28, 29, 33, 34, 35, 38, 39, 40, 41, 42, 45, 46, 48, 49, 53, 54, 56, 57, 58, 60, 61, 63, 64, 65, 68, 69, 71, 72, 75, 77, 78, 79, 81, 82, 87, 90, 95, 98, 99, 103, 105, 106, 107, 110, 112, 114, 118, 119}, {1, 2, 4, 5, 7, 11, 13, 15, 16, 17, 20, 21, 22, 23, 25, 27, 30, 31, 32, 36, 37, 43, 44, 47, 50, 51, 52, 55, 59, 62, 66, 67, 70, 73, 74, 76, 80, 83, 84, 85, 86, 88, 89, 91, 92, 93, 94, 96, 97, 100, 101, 102, 104, 108, 109, 111, 113, 115, 116, 117})
